TN:
SF:src/modules/appointments/services/CreateAppointmentService.ts
FN:40,__decorate
FN:40,__metadata
FN:40,__param
FN:40,__awaiter
FN:40,adopt
FN:40,fulfilled
FN:40,rejected
FN:40,step
FN:40,__generator
FN:40,sent
FN:40,g.<computed>
FN:40,verb
FN:40,step
FN:40,__importDefault
FN:15,CreateAppointmentService
FN:20,CreateAppointmentService.execute
FNF:16
FNH:14
FNDA:1,__decorate
FNDA:1,__metadata
FNDA:1,__param
FNDA:3,__awaiter
FNDA:5,adopt
FNDA:5,fulfilled
FNDA:0,rejected
FNDA:7,step
FNDA:3,__generator
FNDA:5,sent
FNDA:0,g.<computed>
FNDA:9,verb
FNDA:8,step
FNDA:1,__importDefault
FNDA:2,CreateAppointmentService
FNDA:3,CreateAppointmentService.execute
DA:1,1
DA:2,1
DA:3,1
DA:4,1
DA:5,1
DA:6,1
DA:7,1
DA:8,1
DA:9,1
DA:10,1
DA:11,1
DA:12,1
DA:13,1
DA:14,1
DA:15,1
DA:16,2
DA:17,2
DA:18,2
DA:19,1
DA:20,1
DA:21,3
DA:22,3
DA:23,3
DA:24,3
DA:25,3
DA:26,3
DA:27,3
DA:28,1
DA:29,1
DA:30,2
DA:31,2
DA:32,2
DA:33,2
DA:34,2
DA:35,3
DA:36,3
DA:37,3
DA:38,1
DA:39,1
DA:40,1
LF:40
LH:40
BRDA:40,0,0,1
BRDA:40,1,0,1
BRDA:40,2,0,0
BRDA:40,3,0,0
BRDA:40,4,0,0
BRDA:40,5,0,0
BRDA:40,6,0,1
BRDA:40,7,0,1
BRDA:40,8,0,1
BRDA:40,9,0,3
BRDA:40,10,0,5
BRDA:40,11,0,0
BRDA:40,12,0,3
BRDA:40,13,0,5
BRDA:40,14,0,4
BRDA:40,15,0,1
BRDA:40,16,0,7
BRDA:40,17,0,2
BRDA:40,18,0,5
BRDA:40,19,0,3
BRDA:40,20,0,5
BRDA:40,21,0,0
BRDA:40,22,0,9
BRDA:40,23,0,8
BRDA:40,24,0,8
BRDA:40,25,0,0
BRDA:40,26,0,16
BRDA:40,27,0,0
BRDA:40,28,0,0
BRDA:40,29,0,0
BRDA:40,30,0,0
BRDA:40,31,0,8
BRDA:40,32,0,8
BRDA:40,33,0,5
BRDA:40,34,0,0
BRDA:40,35,0,0
BRDA:40,36,0,3
BRDA:40,37,0,0
BRDA:40,38,0,2
BRDA:40,39,0,0
BRDA:40,40,0,0
BRDA:40,41,0,0
BRDA:40,42,0,0
BRDA:40,43,0,8
BRDA:40,44,0,7
BRDA:40,45,0,1
BRDA:40,46,0,8
BRDA:40,47,0,3
BRDA:40,48,0,1
BRDA:40,49,0,2
BRDA:40,50,0,0
BRDA:40,51,0,1
BRDA:40,52,0,0
BRDA:14,53,0,1
BRDA:15,54,0,2
BRDA:20,55,0,3
BRDA:40,56,0,3
BRDA:40,57,0,8
BRDA:40,58,0,3
BRDA:40,59,0,3
BRDA:27,60,0,1
BRDA:29,61,0,2
BRDA:40,62,0,2
BRF:63
BRH:43
end_of_record
TN:
SF:src/modules/users/services/AuthenticateUserService.ts
FN:49,__decorate
FN:49,__metadata
FN:49,__param
FN:49,__awaiter
FN:49,adopt
FN:49,fulfilled
FN:49,rejected
FN:49,step
FN:49,__generator
FN:49,sent
FN:49,g.<computed>
FN:49,verb
FN:49,step
FN:49,__importDefault
FN:21,AuthenticateUserService
FN:29,AuthenticateUserService.execute
FNF:16
FNH:14
FNDA:1,__decorate
FNDA:1,__metadata
FNDA:2,__param
FNDA:3,__awaiter
FNDA:5,adopt
FNDA:5,fulfilled
FNDA:0,rejected
FNDA:6,step
FNDA:3,__generator
FNDA:5,sent
FNDA:0,g.<computed>
FNDA:9,verb
FNDA:8,step
FNDA:2,__importDefault
FNDA:3,AuthenticateUserService
FNDA:3,AuthenticateUserService.execute
DA:1,1
DA:2,1
DA:3,1
DA:4,1
DA:5,1
DA:6,1
DA:7,1
DA:8,1
DA:9,1
DA:10,1
DA:11,1
DA:12,1
DA:13,1
DA:14,1
DA:15,1
DA:16,1
DA:17,1
DA:18,1
DA:19,1
DA:20,1
DA:21,1
DA:22,3
DA:23,3
DA:24,3
DA:25,3
DA:26,3
DA:27,3
DA:28,1
DA:29,1
DA:30,3
DA:31,3
DA:32,3
DA:33,1
DA:34,1
DA:35,2
DA:36,3
DA:37,3
DA:38,1
DA:39,1
DA:40,1
DA:41,1
DA:42,1
DA:43,1
DA:44,1
DA:45,1
DA:46,3
DA:47,1
DA:48,1
DA:49,1
LF:49
LH:49
BRDA:49,0,0,1
BRDA:49,1,0,1
BRDA:49,2,0,0
BRDA:49,3,0,0
BRDA:49,4,0,0
BRDA:49,5,0,0
BRDA:49,6,0,1
BRDA:49,7,0,2
BRDA:49,8,0,2
BRDA:49,9,0,3
BRDA:49,10,0,5
BRDA:49,11,0,0
BRDA:49,12,0,3
BRDA:49,13,0,5
BRDA:49,14,0,3
BRDA:49,15,0,2
BRDA:49,16,0,6
BRDA:49,17,0,1
BRDA:49,18,0,5
BRDA:49,19,0,3
BRDA:49,20,0,5
BRDA:49,21,0,0
BRDA:49,22,0,9
BRDA:49,23,0,8
BRDA:49,24,0,8
BRDA:49,25,0,0
BRDA:49,26,0,16
BRDA:49,27,0,0
BRDA:49,28,0,0
BRDA:49,29,0,0
BRDA:49,30,0,0
BRDA:49,31,0,8
BRDA:49,32,0,8
BRDA:49,33,0,5
BRDA:49,34,0,0
BRDA:49,35,0,0
BRDA:49,36,0,3
BRDA:49,37,0,0
BRDA:49,38,0,1
BRDA:49,39,0,0
BRDA:49,40,0,0
BRDA:49,41,0,0
BRDA:49,42,0,0
BRDA:49,43,0,8
BRDA:49,44,0,6
BRDA:49,45,0,2
BRDA:49,46,0,8
BRDA:49,47,0,3
BRDA:49,48,0,2
BRDA:49,49,0,1
BRDA:49,50,0,0
BRDA:49,51,0,2
BRDA:49,52,0,0
BRDA:20,53,0,1
BRDA:21,54,0,3
BRDA:29,55,0,3
BRDA:49,56,0,3
BRDA:49,57,0,8
BRDA:30,58,0,3
BRDA:49,59,0,3
BRDA:32,60,0,1
BRDA:34,61,0,2
BRDA:49,62,0,2
BRDA:37,63,0,1
BRF:64
BRH:44
end_of_record
TN:
SF:src/modules/users/services/CreateUserService.ts
FN:41,__decorate
FN:41,__metadata
FN:41,__param
FN:41,__awaiter
FN:41,adopt
FN:41,fulfilled
FN:41,rejected
FN:41,step
FN:41,__generator
FN:41,sent
FN:41,g.<computed>
FN:41,verb
FN:41,step
FN:41,__importDefault
FN:17,CreateUserService
FN:23,CreateUserService.execute
FNF:16
FNH:14
FNDA:2,__decorate
FNDA:2,__metadata
FNDA:4,__param
FNDA:5,__awaiter
FNDA:13,adopt
FNDA:13,fulfilled
FNDA:0,rejected
FNDA:17,step
FNDA:5,__generator
FNDA:13,sent
FNDA:0,g.<computed>
FNDA:15,verb
FNDA:18,step
FNDA:2,__importDefault
FNDA:4,CreateUserService
FNDA:5,CreateUserService.execute
DA:1,1
DA:2,1
DA:3,1
DA:4,1
DA:5,1
DA:6,1
DA:7,1
DA:8,1
DA:9,1
DA:10,1
DA:11,1
DA:12,1
DA:13,1
DA:14,1
DA:15,1
DA:16,2
DA:17,2
DA:18,4
DA:19,4
DA:20,4
DA:21,4
DA:22,4
DA:23,2
DA:24,5
DA:25,5
DA:26,5
DA:27,1
DA:28,1
DA:29,4
DA:30,4
DA:31,5
DA:32,5
DA:33,5
DA:34,5
DA:35,5
DA:36,5
DA:37,5
DA:38,5
DA:39,2
DA:40,1
DA:41,1
LF:41
LH:41
BRDA:41,0,0,2
BRDA:41,1,0,2
BRDA:41,2,0,0
BRDA:41,3,0,0
BRDA:41,4,0,0
BRDA:41,5,0,0
BRDA:41,6,0,2
BRDA:41,7,0,4
BRDA:41,8,0,4
BRDA:41,9,0,5
BRDA:41,10,0,13
BRDA:41,11,0,0
BRDA:41,12,0,5
BRDA:41,13,0,13
BRDA:41,14,0,12
BRDA:41,15,0,1
BRDA:41,16,0,17
BRDA:41,17,0,4
BRDA:41,18,0,13
BRDA:41,19,0,5
BRDA:41,20,0,13
BRDA:41,21,0,0
BRDA:41,22,0,15
BRDA:41,23,0,18
BRDA:41,24,0,18
BRDA:41,25,0,0
BRDA:41,26,0,36
BRDA:41,27,0,0
BRDA:41,28,0,0
BRDA:41,29,0,0
BRDA:41,30,0,0
BRDA:41,31,0,18
BRDA:41,32,0,18
BRDA:41,33,0,13
BRDA:41,34,0,0
BRDA:41,35,0,0
BRDA:41,36,0,5
BRDA:41,37,0,0
BRDA:41,38,0,4
BRDA:41,39,0,0
BRDA:41,40,0,0
BRDA:41,41,0,0
BRDA:41,42,0,0
BRDA:41,43,0,28
BRDA:41,44,0,18
BRDA:41,45,0,17
BRDA:41,46,0,1
BRDA:41,47,0,18
BRDA:41,48,0,5
BRDA:41,49,0,1
BRDA:41,50,0,4
BRDA:41,51,0,0
BRDA:41,52,0,2
BRDA:41,53,0,0
BRDA:16,54,0,2
BRDA:17,55,0,4
BRDA:23,56,0,5
BRDA:41,57,0,5
BRDA:41,58,0,18
BRDA:24,59,0,5
BRDA:41,60,0,5
BRDA:26,61,0,1
BRDA:28,62,0,4
BRDA:41,63,0,4
BRDA:41,64,0,4
BRF:65
BRH:45
end_of_record
TN:
SF:src/modules/users/services/UpdateUserAvatarService.ts
FN:48,__decorate
FN:48,__metadata
FN:48,__param
FN:48,__awaiter
FN:48,adopt
FN:48,fulfilled
FN:48,rejected
FN:48,step
FN:48,__generator
FN:48,sent
FN:48,g.<computed>
FN:48,verb
FN:48,step
FN:48,__importDefault
FN:18,UpdateUserAvatarService
FN:25,UpdateUserAvatarService.execute
FNF:16
FNH:14
FNDA:1,__decorate
FNDA:1,__metadata
FNDA:2,__param
FNDA:4,__awaiter
FNDA:11,adopt
FNDA:11,fulfilled
FNDA:0,rejected
FNDA:14,step
FNDA:4,__generator
FNDA:11,sent
FNDA:0,g.<computed>
FNDA:12,verb
FNDA:15,step
FNDA:1,__importDefault
FNDA:3,UpdateUserAvatarService
FNDA:4,UpdateUserAvatarService.execute
DA:1,1
DA:2,1
DA:3,1
DA:4,1
DA:5,1
DA:6,1
DA:7,1
DA:8,1
DA:9,1
DA:10,1
DA:11,1
DA:12,1
DA:13,1
DA:14,1
DA:15,1
DA:16,1
DA:17,1
DA:18,1
DA:19,3
DA:20,3
DA:21,3
DA:22,3
DA:23,3
DA:24,3
DA:25,1
DA:26,4
DA:27,4
DA:28,4
DA:29,4
DA:30,1
DA:31,1
DA:32,3
DA:33,3
DA:34,1
DA:35,1
DA:36,4
DA:37,4
DA:38,4
DA:39,4
DA:40,4
DA:41,4
DA:42,4
DA:43,4
DA:44,4
DA:45,4
DA:46,1
DA:47,1
DA:48,1
LF:48
LH:48
BRDA:48,0,0,1
BRDA:48,1,0,1
BRDA:48,2,0,0
BRDA:48,3,0,0
BRDA:48,4,0,0
BRDA:48,5,0,0
BRDA:48,6,0,1
BRDA:48,7,0,2
BRDA:48,8,0,2
BRDA:48,9,0,4
BRDA:48,10,0,11
BRDA:48,11,0,0
BRDA:48,12,0,4
BRDA:48,13,0,11
BRDA:48,14,0,10
BRDA:48,15,0,1
BRDA:48,16,0,14
BRDA:48,17,0,3
BRDA:48,18,0,11
BRDA:48,19,0,4
BRDA:48,20,0,11
BRDA:48,21,0,0
BRDA:48,22,0,12
BRDA:48,23,0,15
BRDA:48,24,0,15
BRDA:48,25,0,0
BRDA:48,26,0,32
BRDA:48,27,0,0
BRDA:48,28,0,0
BRDA:48,29,0,0
BRDA:48,30,0,0
BRDA:48,31,0,15
BRDA:48,32,0,15
BRDA:48,33,0,11
BRDA:48,34,0,0
BRDA:48,35,0,0
BRDA:48,36,0,6
BRDA:48,37,0,0
BRDA:48,38,0,5
BRDA:48,39,0,4
BRDA:48,40,0,2
BRDA:48,41,0,0
BRDA:48,42,0,2
BRDA:48,43,0,0
BRDA:48,44,0,0
BRDA:48,45,0,0
BRDA:48,46,0,17
BRDA:48,47,0,16
BRDA:48,48,0,1
BRDA:48,49,0,17
BRDA:48,50,0,4
BRDA:48,51,0,1
BRDA:48,52,0,3
BRDA:48,53,0,0
BRDA:48,54,0,1
BRDA:48,55,0,0
BRDA:17,56,0,1
BRDA:18,57,0,3
BRDA:25,58,0,4
BRDA:48,59,0,4
BRDA:48,60,0,17
BRDA:27,61,0,4
BRDA:48,62,0,4
BRDA:29,63,0,1
BRDA:31,64,0,3
BRDA:33,65,0,2
BRDA:33,66,0,1
BRDA:48,67,0,1
BRDA:38,68,0,3
BRDA:48,69,0,3
BRDA:48,70,0,3
BRF:71
BRH:51
end_of_record
